0 info it worked if it ends with ok
1 verbose cli [ '/usr/bin/node', '/usr/bin/npm', 'it' ]
2 info using npm@3.5.2
3 info using node@v6.11.4
4 silly loadCurrentTree Starting
5 silly install loadCurrentTree
6 silly install readLocalPackageData
7 silly install normalizeTree
8 silly loadCurrentTree Finishing
9 silly loadIdealTree Starting
10 silly install loadIdealTree
11 silly cloneCurrentTree Starting
12 silly install cloneCurrentTreeToIdealTree
13 silly cloneCurrentTree Finishing
14 silly loadShrinkwrap Starting
15 silly install loadShrinkwrap
16 silly loadShrinkwrap Finishing
17 silly loadAllDepsIntoIdealTree Starting
18 silly install loadAllDepsIntoIdealTree
19 silly loadAllDepsIntoIdealTree Finishing
20 silly idealTree:prePrune reactJS
21 silly loadIdealTree Finishing
22 silly currentTree reactJS
23 silly idealTree reactJS
24 silly generateActionsToTake Starting
25 silly install generateActionsToTake
26 silly generateActionsToTake Finishing
27 silly diffTrees action count 0
28 silly decomposeActions action count 0
29 silly executeActions Starting
30 silly install executeActions
31 silly doSerial global-install 0
32 silly doParallel fetch 0
33 verbose lock using /home/ned/.npm/_locks/staging-a411acb5540230fb.lock for /home/ned/dev/personal/reactJS/node_modules/.staging
34 silly doParallel extract 0
35 silly doParallel preinstall 0
36 silly doReverseSerial remove 0
37 silly doSerial move 0
38 silly doSerial finalize 0
39 silly doSerial build 0
40 silly doSerial global-link 0
41 silly doParallel update-linked 0
42 silly doSerial install 0
43 silly doSerial postinstall 0
44 verbose unlock done using /home/ned/.npm/_locks/staging-a411acb5540230fb.lock for /home/ned/dev/personal/reactJS/node_modules/.staging
45 silly executeActions Finishing
46 silly rollbackFailedOptional Starting
47 silly rollbackFailedOptional Finishing
48 silly runTopLevelLifecycles Starting
49 silly install runTopLevelLifecycles
50 silly preinstall reactJS /home/ned/dev/personal/reactJS/reactJS-58951047
51 info lifecycle undefined~preinstall: undefined
52 silly lifecycle undefined~preinstall: no script for preinstall, continuing
53 silly build reactJS
54 info linkStuff !invalid#1
55 silly linkStuff !invalid#1 has /home/ned/dev/personal as its parent node_modules
56 verbose linkBins !invalid#1
57 verbose linkMans !invalid#1
58 silly install reactJS /home/ned/dev/personal/reactJS/reactJS-58951047
59 info lifecycle undefined~install: undefined
60 silly lifecycle undefined~install: no script for install, continuing
61 silly postinstall reactJS /home/ned/dev/personal/reactJS/reactJS-58951047
62 info lifecycle undefined~postinstall: undefined
63 silly lifecycle undefined~postinstall: no script for postinstall, continuing
64 silly prepublish reactJS /home/ned/dev/personal/reactJS/reactJS-58951047
65 info lifecycle undefined~prepublish: undefined
66 silly lifecycle undefined~prepublish: no script for prepublish, continuing
67 silly runTopLevelLifecycles Finishing
68 silly install printInstalled
69 warn enoent ENOENT: no such file or directory, open '/home/ned/dev/personal/reactJS/package.json'
70 warn reactJS No description
71 warn reactJS No repository field.
72 warn reactJS No README data
73 warn reactJS No license field.
74 verbose stack Error: ENOENT: no such file or directory, open '/home/ned/dev/personal/reactJS/package.json'
74 verbose stack     at Error (native)
75 verbose cwd /home/ned/dev/personal/reactJS
76 error Linux 4.13.0-46-generic
77 error argv "/usr/bin/node" "/usr/bin/npm" "it"
78 error node v6.11.4
79 error npm  v3.5.2
80 error path /home/ned/dev/personal/reactJS/package.json
81 error code ENOENT
82 error errno -2
83 error syscall open
84 error enoent ENOENT: no such file or directory, open '/home/ned/dev/personal/reactJS/package.json'
85 error enoent ENOENT: no such file or directory, open '/home/ned/dev/personal/reactJS/package.json'
85 error enoent This is most likely not a problem with npm itself
85 error enoent and is related to npm not being able to find a file.
86 verbose exit [ -2, true ]
